{"timestamp": "2026-04-13T12:33:04.896565", "level": "INFO", "logger": "lios.agents.registry", "message": "Disabled agent: sustainability", "module": "registry", "function": "disable_agent", "line": 265}
{"timestamp": "2026-04-13T12:33:04.896819", "level": "INFO", "logger": "lios.agents.registry", "message": "Enabled agent: sustainability", "module": "registry", "function": "enable_agent", "line": 248}
{"timestamp": "2026-04-18T04:57:05.984608+00:00", "level": "INFO", "logger": "lios.knowledge.config_loader", "message": "Created global configuration loader with defaults", "module": "config_loader", "function": "get_config_loader", "line": 358}
{"timestamp": "2026-04-18T04:57:06.167787+00:00", "level": "INFO", "logger": "httpx", "message": "HTTP Request: GET http://testserver/chat \"HTTP/1.1 200 OK\"", "module": "_client", "function": "_send_single_request", "line": 1025}
{"timestamp": "2026-04-18T04:57:06.170571+00:00", "level": "INFO", "logger": "httpx", "message": "HTTP Request: GET http://testserver/chat-react \"HTTP/1.1 200 OK\"", "module": "_client", "function": "_send_single_request", "line": 1025}
{"timestamp": "2026-04-18T04:57:06.172962+00:00", "level": "INFO", "logger": "httpx", "message": "HTTP Request: GET http://testserver/ \"HTTP/1.1 307 Temporary Redirect\"", "module": "_client", "function": "_send_single_request", "line": 1025}
{"timestamp": "2026-04-18T04:57:06.175406+00:00", "level": "INFO", "logger": "httpx", "message": "HTTP Request: GET http://testserver/chat-ui \"HTTP/1.1 307 Temporary Redirect\"", "module": "_client", "function": "_send_single_request", "line": 1025}
{"timestamp": "2026-04-18T04:57:06.177918+00:00", "level": "INFO", "logger": "httpx", "message": "HTTP Request: GET http://testserver/debug/routes \"HTTP/1.1 200 OK\"", "module": "_client", "function": "_send_single_request", "line": 1025}
{"timestamp": "2026-04-18T04:57:06.180366+00:00", "level": "INFO", "logger": "httpx", "message": "HTTP Request: GET http://testserver/favicon.ico \"HTTP/1.1 204 No Content\"", "module": "_client", "function": "_send_single_request", "line": 1025}
{"timestamp": "2026-04-18T04:57:06.186252+00:00", "level": "INFO", "logger": "httpx", "message": "HTTP Request: POST http://testserver/chat/api/message \"HTTP/1.1 200 OK\"", "module": "_client", "function": "_send_single_request", "line": 1025}
{"timestamp": "2026-04-18T04:57:06.188312+00:00", "level": "INFO", "logger": "httpx", "message": "HTTP Request: GET http://testserver/chat/api/history?session_id=test-session-1 \"HTTP/1.1 200 OK\"", "module": "_client", "function": "_send_single_request", "line": 1025}
{"timestamp": "2026-04-18T04:57:06.190142+00:00", "level": "INFO", "logger": "httpx", "message": "HTTP Request: GET http://testserver/chat/api/export?session_id=test-session-1 \"HTTP/1.1 200 OK\"", "module": "_client", "function": "_send_single_request", "line": 1025}
{"timestamp": "2026-04-18T04:57:06.233096+00:00", "level": "WARNING", "logger": "lios.features.applicability_checker", "message": "No handler found for regulation: UNKNOWN", "module": "applicability_checker", "function": "check_applicability", "line": 41}
{"timestamp": "2026-04-18T04:57:06.257515+00:00", "level": "INFO", "logger": "lios.agents.registry", "message": "Disabled agent: sustainability", "module": "registry", "function": "disable_agent", "line": 265}
{"timestamp": "2026-04-18T04:57:06.257623+00:00", "level": "INFO", "logger": "lios.agents.registry", "message": "Enabled agent: sustainability", "module": "registry", "function": "enable_agent", "line": 248}
{"timestamp": "2026-04-18T04:57:06.259830+00:00", "level": "INFO", "logger": "lios.knowledge.config_loader", "message": "Disabled regulation: SFDR", "module": "config_loader", "function": "disable_regulation", "line": 323}
{"timestamp": "2026-04-18T04:57:06.261958+00:00", "level": "INFO", "logger": "lios.knowledge.config_loader", "message": "Disabled regulation: CSRD", "module": "config_loader", "function": "disable_regulation", "line": 323}
{"timestamp": "2026-04-18T04:57:06.262049+00:00", "level": "INFO", "logger": "lios.knowledge.config_loader", "message": "Enabled regulation: CSRD", "module": "config_loader", "function": "enable_regulation", "line": 308}
{"timestamp": "2026-04-18T04:57:06.264360+00:00", "level": "WARNING", "logger": "lios.features.applicability_checker", "message": "No handler found for regulation: UNKNOWN_REG", "module": "applicability_checker", "function": "check_applicability", "line": 41}
{"timestamp": "2026-04-18T04:57:06.266665+00:00", "level": "INFO", "logger": "lios.knowledge.config_loader", "message": "Disabled regulation: SFDR", "module": "config_loader", "function": "disable_regulation", "line": 323}
